2013/02/20 17:22:33 [error] [exception.CHttpException.404] exception 'CHttpException' with message 'Unable to resolve the request "cms".' in /var/www/yii/framework/web/CWebApplication.php:287
Stack trace:
#0 /var/www/yii/framework/web/CWebApplication.php(142): CWebApplication->runController('cms')
#1 /var/www/yii/framework/base/CApplication.php(162): CWebApplication->processRequest()
#2 /var/www/bogilite/index.php(13): CApplication->run()
#3 {main}
REQUEST_URI=/bogilite/index.php/cms
---
2013/02/22 14:57:08 [error] [php] include(/var/www/bogilite/protected/extensions/imperavi-redactor-widget/ImperaviRedactorWidget.php): failed to open stream: No such file or directory (/var/www/yii/framework/YiiBase.php:397)
Stack trace:
#0 /var/www/yii/framework/web/CWidgetFactory.php(147): import()
#1 /var/www/yii/framework/web/CBaseController.php(147): CWidgetFactory->createWidget()
#2 /var/www/yii/framework/web/CBaseController.php(173): ArticleController->createWidget()
#3 /var/www/bogilite/protected/views/article/_form.php(17): ArticleController->widget()
#4 /var/www/yii/framework/web/CBaseController.php(127): require()
#5 /var/www/yii/framework/web/CBaseController.php(96): ArticleController->renderInternal()
#6 /var/www/yii/framework/web/CController.php(870): ArticleController->renderFile()
#7 /var/www/bogilite/protected/views/article/create.php(18): ArticleController->renderPartial()
#8 /var/www/yii/framework/web/CBaseController.php(127): require()
#9 /var/www/yii/framework/web/CBaseController.php(96): ArticleController->renderInternal()
#10 /var/www/yii/framework/web/CController.php(870): ArticleController->renderFile()
#11 /var/www/yii/framework/web/CController.php(783): ArticleController->renderPartial()
#12 /var/www/bogilite/protected/controllers/ArticleController.php(79): ArticleController->render()
#13 /var/www/yii/framework/web/actions/CInlineAction.php(50): ArticleController->actionCreate()
#14 /var/www/yii/framework/web/CController.php(309): CInlineAction->runWithParams()
#15 /var/www/yii/framework/web/filters/CFilterChain.php(134): ArticleController->runAction()
#16 /var/www/yii/framework/web/filters/CFilter.php(41): CFilterChain->run()
#17 /var/www/yii/framework/web/CController.php(1146): CAccessControlFilter->filter()
#18 /var/www/yii/framework/web/filters/CInlineFilter.php(59): ArticleController->filterAccessControl()
#19 /var/www/yii/framework/web/filters/CFilterChain.php(131): CInlineFilter->filter()
#20 /var/www/yii/framework/web/CController.php(292): CFilterChain->run()
#21 /var/www/yii/framework/web/CController.php(266): ArticleController->runActionWithFilters()
#22 /var/www/yii/framework/web/CWebApplication.php(283): ArticleController->run()
#23 /var/www/yii/framework/web/CWebApplication.php(142): CWebApplication->runController()
#24 /var/www/yii/framework/base/CApplication.php(162): CWebApplication->processRequest()
#25 /var/www/bogilite/index.php(13): CWebApplication->run()
REQUEST_URI=/bogilite/index.php/article/create
in /var/www/bogilite/protected/views/article/_form.php (17)
in /var/www/bogilite/protected/views/article/create.php (18)
in /var/www/bogilite/protected/controllers/ArticleController.php (79)
2013/02/22 14:58:30 [error] [php] include(/var/www/bogilite/protected/extensions/imperavi-redactor-widget/ImperaviRedactorWidget.php): failed to open stream: Permission denied (/var/www/yii/framework/YiiBase.php:397)
Stack trace:
#0 /var/www/yii/framework/web/CWidgetFactory.php(147): import()
#1 /var/www/yii/framework/web/CBaseController.php(147): CWidgetFactory->createWidget()
#2 /var/www/yii/framework/web/CBaseController.php(173): ArticleController->createWidget()
#3 /var/www/bogilite/protected/views/article/_form.php(17): ArticleController->widget()
#4 /var/www/yii/framework/web/CBaseController.php(127): require()
#5 /var/www/yii/framework/web/CBaseController.php(96): ArticleController->renderInternal()
#6 /var/www/yii/framework/web/CController.php(870): ArticleController->renderFile()
#7 /var/www/bogilite/protected/views/article/create.php(18): ArticleController->renderPartial()
#8 /var/www/yii/framework/web/CBaseController.php(127): require()
#9 /var/www/yii/framework/web/CBaseController.php(96): ArticleController->renderInternal()
#10 /var/www/yii/framework/web/CController.php(870): ArticleController->renderFile()
#11 /var/www/yii/framework/web/CController.php(783): ArticleController->renderPartial()
#12 /var/www/bogilite/protected/controllers/ArticleController.php(79): ArticleController->render()
#13 /var/www/yii/framework/web/actions/CInlineAction.php(50): ArticleController->actionCreate()
#14 /var/www/yii/framework/web/CController.php(309): CInlineAction->runWithParams()
#15 /var/www/yii/framework/web/filters/CFilterChain.php(134): ArticleController->runAction()
#16 /var/www/yii/framework/web/filters/CFilter.php(41): CFilterChain->run()
#17 /var/www/yii/framework/web/CController.php(1146): CAccessControlFilter->filter()
#18 /var/www/yii/framework/web/filters/CInlineFilter.php(59): ArticleController->filterAccessControl()
#19 /var/www/yii/framework/web/filters/CFilterChain.php(131): CInlineFilter->filter()
#20 /var/www/yii/framework/web/CController.php(292): CFilterChain->run()
#21 /var/www/yii/framework/web/CController.php(266): ArticleController->runActionWithFilters()
#22 /var/www/yii/framework/web/CWebApplication.php(283): ArticleController->run()
#23 /var/www/yii/framework/web/CWebApplication.php(142): CWebApplication->runController()
#24 /var/www/yii/framework/base/CApplication.php(162): CWebApplication->processRequest()
#25 /var/www/bogilite/index.php(13): CWebApplication->run()
REQUEST_URI=/bogilite/index.php/article/create
in /var/www/bogilite/protected/views/article/_form.php (17)
in /var/www/bogilite/protected/views/article/create.php (18)
in /var/www/bogilite/protected/controllers/ArticleController.php (79)
2013/02/22 16:27:30 [error] [exception.CHttpException.403] exception 'CHttpException' with message 'You are not authorized to perform this action.' in /var/www/yii/framework/web/auth/CAccessControlFilter.php:170
Stack trace:
#0 /var/www/yii/framework/web/auth/CAccessControlFilter.php(133): CAccessControlFilter->accessDenied(Object(CWebUser), 'You are not aut...')
#1 /var/www/yii/framework/web/filters/CFilter.php(39): CAccessControlFilter->preFilter(Object(CFilterChain))
#2 /var/www/yii/framework/web/CController.php(1146): CFilter->filter(Object(CFilterChain))
#3 /var/www/yii/framework/web/filters/CInlineFilter.php(59): CController->filterAccessControl(Object(CFilterChain))
#4 /var/www/yii/framework/web/filters/CFilterChain.php(131): CInlineFilter->filter(Object(CFilterChain))
#5 /var/www/yii/framework/web/CController.php(292): CFilterChain->run()
#6 /var/www/yii/framework/web/CController.php(266): CController->runActionWithFilters(Object(CInlineAction), Array)
#7 /var/www/yii/framework/web/CWebApplication.php(283): CController->run('ImageUpload')
#8 /var/www/yii/framework/web/CWebApplication.php(142): CWebApplication->runController('article/ImageUp...')
#9 /var/www/yii/framework/base/CApplication.php(162): CWebApplication->processRequest()
#10 /var/www/bogilite/index.php(13): CApplication->run()
#11 {main}
REQUEST_URI=/bogilite/index.php/article/ImageUpload
HTTP_REFERER=http://localhost/bogilite/index.php/article/create
---
2013/02/22 16:28:07 [error] [exception.CHttpException.403] exception 'CHttpException' with message 'You are not authorized to perform this action.' in /var/www/yii/framework/web/auth/CAccessControlFilter.php:170
Stack trace:
#0 /var/www/yii/framework/web/auth/CAccessControlFilter.php(133): CAccessControlFilter->accessDenied(Object(CWebUser), 'You are not aut...')
#1 /var/www/yii/framework/web/filters/CFilter.php(39): CAccessControlFilter->preFilter(Object(CFilterChain))
#2 /var/www/yii/framework/web/CController.php(1146): CFilter->filter(Object(CFilterChain))
#3 /var/www/yii/framework/web/filters/CInlineFilter.php(59): CController->filterAccessControl(Object(CFilterChain))
#4 /var/www/yii/framework/web/filters/CFilterChain.php(131): CInlineFilter->filter(Object(CFilterChain))
#5 /var/www/yii/framework/web/CController.php(292): CFilterChain->run()
#6 /var/www/yii/framework/web/CController.php(266): CController->runActionWithFilters(Object(CInlineAction), Array)
#7 /var/www/yii/framework/web/CWebApplication.php(283): CController->run('ImageUpload')
#8 /var/www/yii/framework/web/CWebApplication.php(142): CWebApplication->runController('article/ImageUp...')
#9 /var/www/yii/framework/base/CApplication.php(162): CWebApplication->processRequest()
#10 /var/www/bogilite/index.php(13): CApplication->run()
#11 {main}
REQUEST_URI=/bogilite/index.php/article/ImageUpload
HTTP_REFERER=http://localhost/bogilite/index.php/article/create
---
2013/02/22 16:46:53 [error] [php] Undefined index: name (/var/www/bogilite/protected/controllers/ArticleController.php:172)
Stack trace:
#0 /var/www/yii/framework/web/filters/CFilterChain.php(134): ArticleController->runAction()
#1 /var/www/yii/framework/web/filters/CFilter.php(41): CFilterChain->run()
#2 /var/www/yii/framework/web/CController.php(1146): CAccessControlFilter->filter()
#3 /var/www/yii/framework/web/filters/CInlineFilter.php(59): ArticleController->filterAccessControl()
#4 /var/www/yii/framework/web/filters/CFilterChain.php(131): CInlineFilter->filter()
#5 /var/www/yii/framework/web/CController.php(292): CFilterChain->run()
#6 /var/www/yii/framework/web/CController.php(266): ArticleController->runActionWithFilters()
#7 /var/www/yii/framework/web/CWebApplication.php(283): ArticleController->run()
#8 /var/www/yii/framework/web/CWebApplication.php(142): CWebApplication->runController()
#9 /var/www/yii/framework/base/CApplication.php(162): CWebApplication->processRequest()
#10 /var/www/bogilite/index.php(13): CWebApplication->run()
REQUEST_URI=/bogilite/index.php/article/ImageUpload
in /var/www/bogilite/protected/controllers/ArticleController.php (172)
in /var/www/bogilite/index.php (13)
2013/02/22 16:47:20 [error] [php] Undefined index: file (/var/www/bogilite/protected/controllers/ArticleController.php:164)
Stack trace:
#0 /var/www/yii/framework/web/filters/CFilterChain.php(134): ArticleController->runAction()
#1 /var/www/yii/framework/web/filters/CFilter.php(41): CFilterChain->run()
#2 /var/www/yii/framework/web/CController.php(1146): CAccessControlFilter->filter()
#3 /var/www/yii/framework/web/filters/CInlineFilter.php(59): ArticleController->filterAccessControl()
#4 /var/www/yii/framework/web/filters/CFilterChain.php(131): CInlineFilter->filter()
#5 /var/www/yii/framework/web/CController.php(292): CFilterChain->run()
#6 /var/www/yii/framework/web/CController.php(266): ArticleController->runActionWithFilters()
#7 /var/www/yii/framework/web/CWebApplication.php(283): ArticleController->run()
#8 /var/www/yii/framework/web/CWebApplication.php(142): CWebApplication->runController()
#9 /var/www/yii/framework/base/CApplication.php(162): CWebApplication->processRequest()
#10 /var/www/bogilite/index.php(13): CWebApplication->run()
REQUEST_URI=/bogilite/index.php/article/ImageUpload
in /var/www/bogilite/protected/controllers/ArticleController.php (164)
in /var/www/bogilite/index.php (13)
2013/02/22 17:16:29 [error] [php] move_uploaded_file(/var/www/bogilite/images/uploaded/kuta.gif): failed to open stream: Permission denied (/var/www/bogilite/protected/controllers/ArticleController.php:168)
Stack trace:
#0 /var/www/yii/framework/web/CController.php(309): CInlineAction->runWithParams()
#1 /var/www/yii/framework/web/filters/CFilterChain.php(134): ArticleController->runAction()
#2 /var/www/yii/framework/web/filters/CFilter.php(41): CFilterChain->run()
#3 /var/www/yii/framework/web/CController.php(1146): CAccessControlFilter->filter()
#4 /var/www/yii/framework/web/filters/CInlineFilter.php(59): ArticleController->filterAccessControl()
#5 /var/www/yii/framework/web/filters/CFilterChain.php(131): CInlineFilter->filter()
#6 /var/www/yii/framework/web/CController.php(292): CFilterChain->run()
#7 /var/www/yii/framework/web/CController.php(266): ArticleController->runActionWithFilters()
#8 /var/www/yii/framework/web/CWebApplication.php(283): ArticleController->run()
#9 /var/www/yii/framework/web/CWebApplication.php(142): CWebApplication->runController()
#10 /var/www/yii/framework/base/CApplication.php(162): CWebApplication->processRequest()
#11 /var/www/bogilite/index.php(15): CWebApplication->run()
REQUEST_URI=/bogilite/index.php/article/ImageUpload
in /var/www/bogilite/protected/controllers/ArticleController.php (168)
in /var/www/bogilite/index.php (15)
2013/02/22 17:16:52 [error] [php] move_uploaded_file(/var/www/bogilite/images/uploaded/kuta.gif): failed to open stream: Permission denied (/var/www/bogilite/protected/controllers/ArticleController.php:168)
Stack trace:
#0 /var/www/yii/framework/web/CController.php(309): CInlineAction->runWithParams()
#1 /var/www/yii/framework/web/filters/CFilterChain.php(134): ArticleController->runAction()
#2 /var/www/yii/framework/web/filters/CFilter.php(41): CFilterChain->run()
#3 /var/www/yii/framework/web/CController.php(1146): CAccessControlFilter->filter()
#4 /var/www/yii/framework/web/filters/CInlineFilter.php(59): ArticleController->filterAccessControl()
#5 /var/www/yii/framework/web/filters/CFilterChain.php(131): CInlineFilter->filter()
#6 /var/www/yii/framework/web/CController.php(292): CFilterChain->run()
#7 /var/www/yii/framework/web/CController.php(266): ArticleController->runActionWithFilters()
#8 /var/www/yii/framework/web/CWebApplication.php(283): ArticleController->run()
#9 /var/www/yii/framework/web/CWebApplication.php(142): CWebApplication->runController()
#10 /var/www/yii/framework/base/CApplication.php(162): CWebApplication->processRequest()
#11 /var/www/bogilite/index.php(15): CWebApplication->run()
REQUEST_URI=/bogilite/index.php/article/ImageUpload
in /var/www/bogilite/protected/controllers/ArticleController.php (168)
in /var/www/bogilite/index.php (15)
2013/02/23 09:53:32 [error] [exception.CDbException] exception 'CDbException' with message 'CDbConnection failed to open the DB connection: SQLSTATE[HY000] [1045] Access denied for user 'root'@'localhost' (using password: YES)' in C:\wamp\www\yii\framework\db\CDbConnection.php:382
Stack trace:
#0 C:\wamp\www\yii\framework\db\CDbConnection.php(331): CDbConnection->open()
#1 C:\wamp\www\yii\framework\db\CDbConnection.php(309): CDbConnection->setActive(true)
#2 C:\wamp\www\yii\framework\base\CModule.php(388): CDbConnection->init()
#3 C:\wamp\www\yii\framework\base\CModule.php(104): CModule->getComponent('db')
#4 C:\wamp\www\yii\framework\gii\generators\model\ModelCode.php(57): CModule->__get('db')
#5 C:\wamp\www\yii\framework\web\CFormModel.php(40): ModelCode->init()
#6 C:\wamp\www\yii\framework\gii\CCodeGenerator.php(154): CFormModel->__construct()
#7 C:\wamp\www\yii\framework\gii\CCodeGenerator.php(64): CCodeGenerator->prepare()
#8 C:\wamp\www\yii\framework\web\actions\CInlineAction.php(50): CCodeGenerator->actionIndex()
#9 C:\wamp\www\yii\framework\web\CController.php(309): CInlineAction->runWithParams(Array)
#10 C:\wamp\www\yii\framework\web\CController.php(287): CController->runAction(Object(CInlineAction))
#11 C:\wamp\www\yii\framework\web\CController.php(266): CController->runActionWithFilters(Object(CInlineAction), Array)
#12 C:\wamp\www\yii\framework\web\CWebApplication.php(283): CController->run('')
#13 C:\wamp\www\yii\framework\web\CWebApplication.php(142): CWebApplication->runController('gii/model')
#14 C:\wamp\www\yii\framework\base\CApplication.php(162): CWebApplication->processRequest()
#15 C:\wamp\www\bogilite\index.php(15): CApplication->run()
#16 {main}
REQUEST_URI=/bogilite/index.php/gii/model
HTTP_REFERER=http://localhost/bogilite/index.php/gii/default/index
---
